c:\users\roiy\source\repos\ex2\ex2\debug\vc142.pdb
c:\users\roiy\source\repos\ex2\ex2\debug\vc142.idb
c:\users\roiy\source\repos\ex2\ex2\debug\unifieddistrict.obj
c:\users\roiy\source\repos\ex2\ex2\debug\simpleelection.obj
c:\users\roiy\source\repos\ex2\ex2\debug\plist.obj
c:\users\roiy\source\repos\ex2\ex2\debug\party.obj
c:\users\roiy\source\repos\ex2\ex2\debug\main.obj
c:\users\roiy\source\repos\ex2\ex2\debug\helper.obj
c:\users\roiy\source\repos\ex2\ex2\debug\election.obj
c:\users\roiy\source\repos\ex2\ex2\debug\dlist.obj
c:\users\roiy\source\repos\ex2\ex2\debug\divideddistrict.obj
c:\users\roiy\source\repos\ex2\ex2\debug\district.obj
c:\users\roiy\source\repos\ex2\ex2\debug\clist.obj
c:\users\roiy\source\repos\ex2\ex2\debug\citizen.obj
c:\users\roiy\source\repos\ex2\ex2\debug\candidperdistrictlist.obj
c:\users\roiy\source\repos\ex2\debug\ex2.ilk
c:\users\roiy\source\repos\ex2\debug\ex2.exe
c:\users\roiy\source\repos\ex2\debug\ex2.pdb
c:\users\roiy\source\repos\ex2\ex2\debug\ex2.tlog\cl.command.1.tlog
c:\users\roiy\source\repos\ex2\ex2\debug\ex2.tlog\cl.read.1.tlog
c:\users\roiy\source\repos\ex2\ex2\debug\ex2.tlog\cl.write.1.tlog
c:\users\roiy\source\repos\ex2\ex2\debug\ex2.tlog\link.command.1.tlog
c:\users\roiy\source\repos\ex2\ex2\debug\ex2.tlog\link.read.1.tlog
c:\users\roiy\source\repos\ex2\ex2\debug\ex2.tlog\link.write.1.tlog
